<?xml version="1.0" encoding="UTF-8"?>
<robot generator="Robot 7.0 (Python 3.11.4 on darwin)" generated="2024-03-05T21:52:58.063551" rpa="false" schemaversion="5">
<suite id="s1" name="Test" source="/Users/harishravichandran/PycharmProjects/pythonProject/Test.robot">
<test id="s1-t1" name="Verify Cart Checkout" line="10">
<kw name="Open Browser" owner="SeleniumLibrary">
<msg time="2024-03-05T21:52:58.415620" level="INFO">Opening browser 'chrome' to base url 'https://www.saucedemo.com'.</msg>
<arg>${BASE_URL}</arg>
<arg>chrome</arg>
<doc>Opens a new browser instance to the optional ``url``.</doc>
<status status="PASS" start="2024-03-05T21:52:58.415336" elapsed="3.079516"/>
</kw>
<kw name="login to portal">
<kw name="Input Text" owner="SeleniumLibrary">
<msg time="2024-03-05T21:53:01.500149" level="INFO">Typing text 'standard_user' into text field 'id:user-name'.</msg>
<arg>id:user-name</arg>
<arg>standard_user</arg>
<doc>Types the given ``text`` into the text field identified by ``locator``.</doc>
<status status="PASS" start="2024-03-05T21:53:01.499318" elapsed="0.710643"/>
</kw>
<kw name="Input Password" owner="SeleniumLibrary">
<msg time="2024-03-05T21:53:02.210707" level="INFO">Typing password into text field 'id:password'.</msg>
<msg time="2024-03-05T21:53:02.258808" level="INFO">Temporally setting log level to: NONE</msg>
<arg>id:password</arg>
<arg>secret_sauce</arg>
<doc>Types the given password into the text field identified by ``locator``.</doc>
<status status="PASS" start="2024-03-05T21:53:02.210365" elapsed="0.104886"/>
</kw>
<kw name="Click Button" owner="SeleniumLibrary">
<msg time="2024-03-05T21:53:02.315837" level="INFO">Clicking button 'id:login-button'.</msg>
<arg>id:login-button</arg>
<doc>Clicks the button identified by ``locator``.</doc>
<status status="PASS" start="2024-03-05T21:53:02.315609" elapsed="0.092338"/>
</kw>
<kw name="Location Should Be" owner="SeleniumLibrary">
<msg time="2024-03-05T21:53:02.472591" level="INFO">Current location is 'https://www.saucedemo.com/inventory.html'.</msg>
<arg>${BASE_URL}/inventory.html</arg>
<doc>Verifies that the current URL is exactly ``url``.</doc>
<status status="PASS" start="2024-03-05T21:53:02.413369" elapsed="0.059351"/>
</kw>
<kw name="Element Should Be Visible" owner="SeleniumLibrary">
<msg time="2024-03-05T21:53:02.501618" level="INFO">Element 'xpath://span[text()="Products"]' is displayed.</msg>
<arg>xpath://span[text()="Products"]</arg>
<doc>Verifies that the element identified by ``locator`` is visible.</doc>
<status status="PASS" start="2024-03-05T21:53:02.472932" elapsed="0.028810"/>
</kw>
<status status="PASS" start="2024-03-05T21:53:01.498231" elapsed="1.003663"/>
</kw>
<kw name="Sleep" owner="BuiltIn">
<msg time="2024-03-05T21:53:07.502995" level="INFO">Slept 5 seconds.</msg>
<arg>5</arg>
<doc>Pauses the test executed for the given time.</doc>
<status status="PASS" start="2024-03-05T21:53:02.502193" elapsed="5.000969"/>
</kw>
<status status="PASS" start="2024-03-05T21:52:58.414461" elapsed="9.089078"/>
</test>
<status status="PASS" start="2024-03-05T21:52:58.065042" elapsed="9.439274"/>
</suite>
<statistics>
<total>
<stat pass="1" fail="0" skip="0">All Tests</stat>
</total>
<tag>
</tag>
<suite>
<stat pass="1" fail="0" skip="0" id="s1" name="Test">Test</stat>
</suite>
</statistics>
<errors>
</errors>
</robot>
